Using pre-set license
Built from '2020.3/staging' branch; Version is '2020.3.40f1 (ba48d4efcef1) revision 12208340'; Using compiler version '192528614'; Build Type 'Release'
OS: 'Windows 11  (10.0.22621) 64bit CoreSingleLanguage' Language: 'tr' Physical Memory: 16237 MB
BatchMode: 1, IsHumanControllingUs: 0, StartBugReporterOnCrash: 0, Is64bit: 1, IsPro: 0

COMMAND LINE ARGUMENTS:
C:\Program Files\Unity\Hub\Editor\2020.3.40f1\Editor\Unity.exe
-adb2
-batchMode
-noUpm
-name
AssetImportWorker0
-projectPath
C:/Users/sakir/Desktop/Oyun Proje
-logFile
Logs/AssetImportWorker0.log
-srvPort
54499
Successfully changed project path to: C:/Users/sakir/Desktop/Oyun Proje
C:/Users/sakir/Desktop/Oyun Proje
Using Asset Import Pipeline V2.
Refreshing native plugins compatible for Editor in 57.03 ms, found 2 plugins.
Preloading 0 native plugins for Editor in 0.00 ms.
Initialize engine version: 2020.3.40f1 (ba48d4efcef1)
[Subsystems] Discovering subsystems at path C:/Program Files/Unity/Hub/Editor/2020.3.40f1/Editor/Data/Resources/UnitySubsystems
[Subsystems] Discovering subsystems at path C:/Users/sakir/Desktop/Oyun Proje/Assets
GfxDevice: creating device client; threaded=0
Direct3D:
    Version:  Direct3D 11.0 [level 11.1]
    Renderer: NVIDIA GeForce RTX 2060 (ID=0x1f11)
    Vendor:   
    VRAM:     5968 MB
    Driver:   31.0.15.2802
Initialize mono
Mono path[0] = 'C:/Program Files/Unity/Hub/Editor/2020.3.40f1/Editor/Data/Managed'
Mono path[1] = 'C:/Program Files/Unity/Hub/Editor/2020.3.40f1/Editor/Data/MonoBleedingEdge/lib/mono/unityjit'
Mono config path = 'C:/Program Files/Unity/Hub/Editor/2020.3.40f1/Editor/Data/MonoBleedingEdge/etc'
Using monoOptions --debugger-agent=transport=dt_socket,embedding=1,server=y,suspend=n,address=127.0.0.1:56168
Begin MonoManager ReloadAssembly
Registering precompiled unity dll's ...
Register platform support module: C:/Program Files/Unity/Hub/Editor/2020.3.40f1/Editor/Data/PlaybackEngines/WindowsStandaloneSupport/UnityEditor.WindowsStandalone.Extensions.dll
Registered in 0.001598 seconds.
Native extension for WindowsStandalone target not found
Refreshing native plugins compatible for Editor in 54.31 ms, found 2 plugins.
Preloading 0 native plugins for Editor in 0.00 ms.
Mono: successfully reloaded assembly
- Completed reload, in  0.617 seconds
Domain Reload Profiling:
	ReloadAssembly (617ms)
		BeginReloadAssembly (62ms)
			ExecutionOrderSort (0ms)
			DisableScriptedObjects (0ms)
			BackupInstance (0ms)
			ReleaseScriptingObjects (0ms)
			CreateAndSetChildDomain (1ms)
		EndReloadAssembly (483ms)
			LoadAssemblies (60ms)
			RebuildTransferFunctionScriptingTraits (0ms)
			SetupTypeCache (145ms)
			ReleaseScriptCaches (0ms)
			RebuildScriptCaches (36ms)
			SetupLoadedEditorAssemblies (186ms)
				LogAssemblyErrors (0ms)
				InitializePlatformSupportModulesInManaged (5ms)
				SetLoadedEditorAssemblies (0ms)
				RefreshPlugins (54ms)
				BeforeProcessingInitializeOnLoad (15ms)
				ProcessInitializeOnLoadAttributes (84ms)
				ProcessInitializeOnLoadMethodAttributes (27ms)
				AfterProcessingInitializeOnLoad (0ms)
				EditorAssembliesLoaded (0ms)
			ExecutionOrderSort2 (0ms)
			AwakeInstancesAfterBackupRestoration (0ms)
Platform modules already initialized, skipping
Registering precompiled user dll's ...
Registered in 0.004741 seconds.
Begin MonoManager ReloadAssembly
Native extension for WindowsStandalone target not found
Refreshing native plugins compatible for Editor in 51.58 ms, found 2 plugins.
Preloading 0 native plugins for Editor in 0.00 ms.
Mono: successfully reloaded assembly
- Completed reload, in  1.156 seconds
Domain Reload Profiling:
	ReloadAssembly (1157ms)
		BeginReloadAssembly (161ms)
			ExecutionOrderSort (0ms)
			DisableScriptedObjects (5ms)
			BackupInstance (0ms)
			ReleaseScriptingObjects (0ms)
			CreateAndSetChildDomain (19ms)
		EndReloadAssembly (933ms)
			LoadAssemblies (108ms)
			RebuildTransferFunctionScriptingTraits (0ms)
			SetupTypeCache (322ms)
			ReleaseScriptCaches (1ms)
			RebuildScriptCaches (50ms)
			SetupLoadedEditorAssemblies (356ms)
				LogAssemblyErrors (0ms)
				InitializePlatformSupportModulesInManaged (3ms)
				SetLoadedEditorAssemblies (0ms)
				RefreshPlugins (52ms)
				BeforeProcessingInitializeOnLoad (88ms)
				ProcessInitializeOnLoadAttributes (192ms)
				ProcessInitializeOnLoadMethodAttributes (15ms)
				AfterProcessingInitializeOnLoad (5ms)
				EditorAssembliesLoaded (0ms)
			ExecutionOrderSort2 (0ms)
			AwakeInstancesAfterBackupRestoration (2ms)
Platform modules already initialized, skipping
========================================================================
Worker process is ready to serve import requests
Launched and connected shader compiler UnityShaderCompiler.exe after 0.05 seconds
Refreshing native plugins compatible for Editor in 0.50 ms, found 2 plugins.
Preloading 0 native plugins for Editor in 0.00 ms.
Unloading 2885 Unused Serialized files (Serialized files now loaded: 0)
System memory in use before: 130.4 MB.
System memory in use after: 130.6 MB.

Unloading 19 unused Assets to reduce memory usage. Loaded Objects now: 3325.
Total: 5.044500 ms (FindLiveObjects: 0.210000 ms CreateObjectMapping: 0.126200 ms MarkObjects: 4.614500 ms  DeleteObjects: 0.092200 ms)

AssetImportParameters requested are different than current active one (requested -> active):
  custom:framework-win-MediaFoundation: 216162199b28c13a410421893ffa2e32 -> 
  custom:video-decoder-ogg-theora: a1e56fd34408186e4bbccfd4996cb3dc -> 
  custom:container-muxer-webm: aa71ff27fc2769a1b78a27578f13a17b -> 
  custom:container-demuxer-webm: 4f35f7cbe854078d1ac9338744f61a02 -> 
  custom:container-demuxer-ogg: 62fdf1f143b41e24485cea50d1cbac27 -> 
  custom:video-encoder-webm-vp8: eb34c28f22e8b96e1ab97ce403110664 -> 
  custom:video-decoder-webm-vp8: 9c59270c3fd7afecdb556c50c9e8de78 -> 
  custom:audio-decoder-ogg-vorbis: bf7c407c2cedff20999df2af8eb42d56 -> 
  custom:audio-encoder-webm-vorbis: bf7c407c2cedff20999df2af8eb42d56 -> 
========================================================================
Received Import Request.
  path: Assets/Scenes/GameScene Game.unity
  artifactKey: Guid(6677ac37773a8d545a6cc359791edc97) Importer(815301076,1909f56bfc062723c751e8b465ee728b)
Start importing Assets/Scenes/GameScene Game.unity using Guid(6677ac37773a8d545a6cc359791edc97) Importer(815301076,1909f56bfc062723c751e8b465ee728b)  -> (artifact id: 'c9efe0c189609a481cf4c5add062ecd4') in 0.009064 seconds 
========================================================================
Received Import Request.
  Time since last request: 85.584479 seconds.
  path: Assets/Game Assets/Assets/BaseGround/BasePlaneExtracted.mat
  artifactKey: Guid(6be3503629d72e54587930d8c319ceaf) Importer(815301076,1909f56bfc062723c751e8b465ee728b)
Start importing Assets/Game Assets/Assets/BaseGround/BasePlaneExtracted.mat using Guid(6be3503629d72e54587930d8c319ceaf) Importer(815301076,1909f56bfc062723c751e8b465ee728b)  -> (artifact id: 'e789831d70f4bdc14ef1419d1fece1f4') in 0.620310 seconds 
========================================================================
Received Import Request.
  Time since last request: 0.000311 seconds.
  path: Assets/Imports/BaseGround_Sea/BaseGround_Sea.fbx
  artifactKey: Guid(596ffb4dcbb3f5e47934745e60a0ae5d) Importer(815301076,1909f56bfc062723c751e8b465ee728b)
Start importing Assets/Imports/BaseGround_Sea/BaseGround_Sea.fbx using Guid(596ffb4dcbb3f5e47934745e60a0ae5d) Importer(815301076,1909f56bfc062723c751e8b465ee728b)  -> (artifact id: '52d6686ce5091699c50482302528b9a8') in 0.267660 seconds 
========================================================================
Received Import Request.
  Time since last request: 0.000364 seconds.
  path: Assets/Imports/Car/Car.fbx
  artifactKey: Guid(77fa1562ad523e241b78969ca54e93f3) Importer(815301076,1909f56bfc062723c751e8b465ee728b)
Start importing Assets/Imports/Car/Car.fbx using Guid(77fa1562ad523e241b78969ca54e93f3) Importer(815301076,1909f56bfc062723c751e8b465ee728b)  -> (artifact id: '3e64b14c3f611565000b9b631a7a0391') in 0.092295 seconds 
========================================================================
Received Import Request.
  Time since last request: 0.000262 seconds.
  path: Packages/com.unity.render-pipelines.core/Runtime/Debugging/Prefabs/Widgets/DebugUI EnumHistory.prefab
  artifactKey: Guid(b2da6b27df236b144b3516ed8e7d36ac) Importer(815301076,1909f56bfc062723c751e8b465ee728b)
Start importing Packages/com.unity.render-pipelines.core/Runtime/Debugging/Prefabs/Widgets/DebugUI EnumHistory.prefab using Guid(b2da6b27df236b144b3516ed8e7d36ac) Importer(815301076,1909f56bfc062723c751e8b465ee728b)  -> (artifact id: '18e27bd9063a7a12b530524dacfa4ba3') in 0.022071 seconds 
========================================================================
Received Import Request.
  Time since last request: 0.000291 seconds.
  path: Packages/com.unity.render-pipelines.core/Runtime/Debugging/Prefabs/Widgets/DebugUI Group.prefab
  artifactKey: Guid(38a07789c9e87004dad98c2909f58369) Importer(815301076,1909f56bfc062723c751e8b465ee728b)
Start importing Packages/com.unity.render-pipelines.core/Runtime/Debugging/Prefabs/Widgets/DebugUI Group.prefab using Guid(38a07789c9e87004dad98c2909f58369) Importer(815301076,1909f56bfc062723c751e8b465ee728b)  -> (artifact id: '94162e81c46f2441373a7476023e78b5') in 0.020230 seconds 
========================================================================
Received Import Request.
  Time since last request: 0.000495 seconds.
  path: Assets/Imports/BaseGround/BasePlaneMTL.mat
  artifactKey: Guid(4ce716e68b9e6a04dbe1ec50a9b83abb) Importer(815301076,1909f56bfc062723c751e8b465ee728b)
Start importing Assets/Imports/BaseGround/BasePlaneMTL.mat using Guid(4ce716e68b9e6a04dbe1ec50a9b83abb) Importer(815301076,1909f56bfc062723c751e8b465ee728b)  -> (artifact id: '89af8e124b9d9883050c23ab9d55fa54') in 0.018842 seconds 
========================================================================
Received Import Request.
  Time since last request: 0.000285 seconds.
  path: Assets/Imports/Assets/Dock.fbx
  artifactKey: Guid(7d4208842d9751a4798da5567088f576) Importer(815301076,1909f56bfc062723c751e8b465ee728b)
Start importing Assets/Imports/Assets/Dock.fbx using Guid(7d4208842d9751a4798da5567088f576) Importer(815301076,1909f56bfc062723c751e8b465ee728b)  -> (artifact id: '350e2410094943575eb2ea363894691b') in 0.049037 seconds 
========================================================================
Received Import Request.
  Time since last request: 0.000289 seconds.
  path: Packages/com.unity.render-pipelines.core/Runtime/Debugging/Prefabs/Widgets/DebugUI HBox.prefab
  artifactKey: Guid(f7f5e36797cf0c1408561665c67b179b) Importer(815301076,1909f56bfc062723c751e8b465ee728b)
Start importing Packages/com.unity.render-pipelines.core/Runtime/Debugging/Prefabs/Widgets/DebugUI HBox.prefab using Guid(f7f5e36797cf0c1408561665c67b179b) Importer(815301076,1909f56bfc062723c751e8b465ee728b)  -> (artifact id: '6136ef815899cae0b3b8e7396aaaeb21') in 0.013540 seconds 
========================================================================
Received Import Request.
  Time since last request: 0.000299 seconds.
  path: Packages/com.unity.render-pipelines.core/Runtime/Debugging/Prefabs/Widgets/DebugUI Foldout.prefab
  artifactKey: Guid(1c87ab2ce8b8b304d98fbe9a734b1f74) Importer(815301076,1909f56bfc062723c751e8b465ee728b)
Start importing Packages/com.unity.render-pipelines.core/Runtime/Debugging/Prefabs/Widgets/DebugUI Foldout.prefab using Guid(1c87ab2ce8b8b304d98fbe9a734b1f74) Importer(815301076,1909f56bfc062723c751e8b465ee728b)  -> (artifact id: 'da5e9208edf168f4979bfc202176e44a') in 0.022412 seconds 
========================================================================
Received Import Request.
  Time since last request: 0.000232 seconds.
  path: Assets/Imports/Car/Materials/CarFrameMTL.mat
  artifactKey: Guid(bd1de6fd8af2c764191191cd1e67fa38) Importer(815301076,1909f56bfc062723c751e8b465ee728b)
Start importing Assets/Imports/Car/Materials/CarFrameMTL.mat using Guid(bd1de6fd8af2c764191191cd1e67fa38) Importer(815301076,1909f56bfc062723c751e8b465ee728b)  -> (artifact id: 'e4ae8a9e5814622fd37ae87b8791e926') in 0.015343 seconds 
========================================================================
Received Import Request.
  Time since last request: 0.000292 seconds.
  path: Assets/Imports/Car/Materials/CarGlassMTL.mat
  artifactKey: Guid(60ac63f7e5dba674882ca8d487fd6025) Importer(815301076,1909f56bfc062723c751e8b465ee728b)
Start importing Assets/Imports/Car/Materials/CarGlassMTL.mat using Guid(60ac63f7e5dba674882ca8d487fd6025) Importer(815301076,1909f56bfc062723c751e8b465ee728b)  -> (artifact id: '4a65fc34b3b3a95694a8c06ce0a89dc7') in 0.017678 seconds 
========================================================================
Received Import Request.
  Time since last request: 0.000265 seconds.
  path: Assets/Game Assets/Assets/BaseGround/BaseGround.fbx
  artifactKey: Guid(f72dd578bc7ca9849a85faa5772b0d2a) Importer(815301076,1909f56bfc062723c751e8b465ee728b)
Start importing Assets/Game Assets/Assets/BaseGround/BaseGround.fbx using Guid(f72dd578bc7ca9849a85faa5772b0d2a) Importer(815301076,1909f56bfc062723c751e8b465ee728b)  -> (artifact id: 'a1a886b83de8f357d3cd4b806bb8d5ec') in 0.022899 seconds 
========================================================================
Received Import Request.
  Time since last request: 0.000218 seconds.
  path: Assets/Imports/Car/Materials/CarBlackMTL.mat
  artifactKey: Guid(97d5d3f469499e442a330d4774601371) Importer(815301076,1909f56bfc062723c751e8b465ee728b)
Start importing Assets/Imports/Car/Materials/CarBlackMTL.mat using Guid(97d5d3f469499e442a330d4774601371) Importer(815301076,1909f56bfc062723c751e8b465ee728b)  -> (artifact id: '89488fbf433a971b351e37e37fc2330c') in 0.017706 seconds 
========================================================================
Received Import Request.
  Time since last request: 0.000277 seconds.
  path: Assets/Game Assets/Assets/Aircraft.fbx
  artifactKey: Guid(53543e8f5618cd744baf826046561049) Importer(815301076,1909f56bfc062723c751e8b465ee728b)
Start importing Assets/Game Assets/Assets/Aircraft.fbx using Guid(53543e8f5618cd744baf826046561049) Importer(815301076,1909f56bfc062723c751e8b465ee728b)  -> (artifact id: 'bf76e2205e6b4c9cca08b6c77619390f') in 0.091073 seconds 
========================================================================
Received Import Request.
  Time since last request: 0.000256 seconds.
  path: Assets/Game Assets/Assets/Car.fbx
  artifactKey: Guid(965b9970904f64e48aa4313723933504) Importer(815301076,1909f56bfc062723c751e8b465ee728b)
Start importing Assets/Game Assets/Assets/Car.fbx using Guid(965b9970904f64e48aa4313723933504) Importer(815301076,1909f56bfc062723c751e8b465ee728b)  -> (artifact id: '96355b202e9785f7233c87abd4f15b54') in 0.410177 seconds 
========================================================================
Received Import Request.
  Time since last request: 0.000251 seconds.
  path: Assets/Imports/Assets/Aircraft.fbx
  artifactKey: Guid(dcbd088d32fe8914ab7c0a03693a3540) Importer(815301076,1909f56bfc062723c751e8b465ee728b)
Start importing Assets/Imports/Assets/Aircraft.fbx using Guid(dcbd088d32fe8914ab7c0a03693a3540) Importer(815301076,1909f56bfc062723c751e8b465ee728b)  -> (artifact id: 'f45630cba7ab2ae989b6b92fff594c1b') in 0.075543 seconds 
========================================================================
Received Import Request.
  Time since last request: 0.000274 seconds.
  path: Assets/Game Assets/Assets/BaseGround_Sea.fbx
  artifactKey: Guid(af1427af002ce254e853371196fb4f87) Importer(815301076,1909f56bfc062723c751e8b465ee728b)
Start importing Assets/Game Assets/Assets/BaseGround_Sea.fbx using Guid(af1427af002ce254e853371196fb4f87) Importer(815301076,1909f56bfc062723c751e8b465ee728b)  -> (artifact id: '85a88883ed8cec72d9ccb5f6712ae0a0') in 0.055384 seconds 
========================================================================
Received Import Request.
  Time since last request: 0.000297 seconds.
  path: Packages/com.unity.render-pipelines.core/Runtime/Debugging/Prefabs/Widgets/DebugUI Color.prefab
  artifactKey: Guid(77c185820dd1a464eac89cae3abccddf) Importer(815301076,1909f56bfc062723c751e8b465ee728b)
Start importing Packages/com.unity.render-pipelines.core/Runtime/Debugging/Prefabs/Widgets/DebugUI Color.prefab using Guid(77c185820dd1a464eac89cae3abccddf) Importer(815301076,1909f56bfc062723c751e8b465ee728b)  -> (artifact id: '643f2e16732e3304238339df0bfdedc1') in 0.018449 seconds 
========================================================================
Received Import Request.
  Time since last request: 0.000314 seconds.
  path: Packages/com.unity.render-pipelines.core/Runtime/Debugging/Prefabs/Widgets/DebugUI Panel.prefab
  artifactKey: Guid(daa46a58178a6ad41ae1ddc2dc7f856d) Importer(815301076,1909f56bfc062723c751e8b465ee728b)
Start importing Packages/com.unity.render-pipelines.core/Runtime/Debugging/Prefabs/Widgets/DebugUI Panel.prefab using Guid(daa46a58178a6ad41ae1ddc2dc7f856d) Importer(815301076,1909f56bfc062723c751e8b465ee728b)  -> (artifact id: '13229449f4d8ea2eea96c6813b40f030') in 0.027346 seconds 
========================================================================
Received Import Request.
  Time since last request: 0.000318 seconds.
  path: Assets/Imports/BaseGround/BaseGround.fbx
  artifactKey: Guid(8a467399e238e1b40b607633b83d486d) Importer(815301076,1909f56bfc062723c751e8b465ee728b)
Start importing Assets/Imports/BaseGround/BaseGround.fbx using Guid(8a467399e238e1b40b607633b83d486d) Importer(815301076,1909f56bfc062723c751e8b465ee728b)  -> (artifact id: '96860032b5c0fe9b58db12d341309c6f') in 0.022243 seconds 
========================================================================
Received Import Request.
  Time since last request: 0.000310 seconds.
  path: Packages/com.unity.render-pipelines.core/Runtime/Debugging/Prefabs/Widgets/DebugUI Button.prefab
  artifactKey: Guid(f6ce33b91f6ffe54cadacbf4bb112440) Importer(815301076,1909f56bfc062723c751e8b465ee728b)
Start importing Packages/com.unity.render-pipelines.core/Runtime/Debugging/Prefabs/Widgets/DebugUI Button.prefab using Guid(f6ce33b91f6ffe54cadacbf4bb112440) Importer(815301076,1909f56bfc062723c751e8b465ee728b)  -> (artifact id: 'f74d3b6ee64ef130bedfd080ec716e7b') in 0.014990 seconds 
========================================================================
Received Import Request.
  Time since last request: 0.000347 seconds.
  path: Packages/com.unity.render-pipelines.core/Runtime/Debugging/Prefabs/Widgets/DebugUI IntField.prefab
  artifactKey: Guid(ae00bb75e0cd5b04b8fe7fb4ab662629) Importer(815301076,1909f56bfc062723c751e8b465ee728b)
Start importing Packages/com.unity.render-pipelines.core/Runtime/Debugging/Prefabs/Widgets/DebugUI IntField.prefab using Guid(ae00bb75e0cd5b04b8fe7fb4ab662629) Importer(815301076,1909f56bfc062723c751e8b465ee728b)  -> (artifact id: 'ef05335c6a744ecc0b1326e3f9012025') in 0.011051 seconds 
========================================================================
Received Import Request.
  Time since last request: 0.000380 seconds.
  path: Assets/Game Assets/Assets/Dock.fbx
  artifactKey: Guid(a5889017b40f75249888d8fb80f8b3c9) Importer(815301076,1909f56bfc062723c751e8b465ee728b)
Start importing Assets/Game Assets/Assets/Dock.fbx using Guid(a5889017b40f75249888d8fb80f8b3c9) Importer(815301076,1909f56bfc062723c751e8b465ee728b)  -> (artifact id: '2ec904c618c4ae19de675fe34bf708a8') in 0.037787 seconds 
========================================================================
Received Import Request.
  Time since last request: 0.000399 seconds.
  path: Packages/com.unity.render-pipelines.core/Runtime/Debugging/Prefabs/Widgets/DebugUI EnumField.prefab
  artifactKey: Guid(988db55689193434fb0b3b89538f978f) Importer(815301076,1909f56bfc062723c751e8b465ee728b)
Start importing Packages/com.unity.render-pipelines.core/Runtime/Debugging/Prefabs/Widgets/DebugUI EnumField.prefab using Guid(988db55689193434fb0b3b89538f978f) Importer(815301076,1909f56bfc062723c751e8b465ee728b)  -> (artifact id: '769ef425af586f256b22eb513fe0fd5b') in 0.012720 seconds 
========================================================================
Received Import Request.
  Time since last request: 0.000419 seconds.
  path: Assets/Imports/Car/Materials/CarFlashMTL.mat
  artifactKey: Guid(59905accbccadf04a824b2246fc21f0a) Importer(815301076,1909f56bfc062723c751e8b465ee728b)
Start importing Assets/Imports/Car/Materials/CarFlashMTL.mat using Guid(59905accbccadf04a824b2246fc21f0a) Importer(815301076,1909f56bfc062723c751e8b465ee728b)  -> (artifact id: '43e25e1b7644bcc57eeed1afe3130f37') in 0.014111 seconds 
========================================================================
Received Import Request.
  Time since last request: 0.000283 seconds.
  path: Packages/com.unity.render-pipelines.core/Runtime/Debugging/Prefabs/Widgets/DebugUI FloatField.prefab
  artifactKey: Guid(7d4fd3415ea7dd64bbcfe13fb48a730b) Importer(815301076,1909f56bfc062723c751e8b465ee728b)
Start importing Packages/com.unity.render-pipelines.core/Runtime/Debugging/Prefabs/Widgets/DebugUI FloatField.prefab using Guid(7d4fd3415ea7dd64bbcfe13fb48a730b) Importer(815301076,1909f56bfc062723c751e8b465ee728b)  -> (artifact id: 'ee50d75fd3c0ff6a7326576b6f1538cd') in 0.013111 seconds 
========================================================================
Received Import Request.
  Time since last request: 0.000282 seconds.
  path: Packages/com.unity.render-pipelines.core/Runtime/Debugging/Prefabs/Widgets/DebugUI BitField.prefab
  artifactKey: Guid(7c78b588b2e1f7c4a86ca4a985cf6e4a) Importer(815301076,1909f56bfc062723c751e8b465ee728b)
Start importing Packages/com.unity.render-pipelines.core/Runtime/Debugging/Prefabs/Widgets/DebugUI BitField.prefab using Guid(7c78b588b2e1f7c4a86ca4a985cf6e4a) Importer(815301076,1909f56bfc062723c751e8b465ee728b)  -> (artifact id: 'c6eec671348f6e166754371744f13079') in 0.025590 seconds 
========================================================================
Received Import Request.
  Time since last request: 0.000462 seconds.
  path: Assets/Imports/Car/Materials/CarBlack2MTL.mat
  artifactKey: Guid(cbed61e0fa729e14c9f1818a6eef756d) Importer(815301076,1909f56bfc062723c751e8b465ee728b)
Start importing Assets/Imports/Car/Materials/CarBlack2MTL.mat using Guid(cbed61e0fa729e14c9f1818a6eef756d) Importer(815301076,1909f56bfc062723c751e8b465ee728b)  -> (artifact id: '1a0673c084cbe77c026fd2e28da0642e') in 0.013864 seconds 
========================================================================
Received Import Request.
  Time since last request: 0.000337 seconds.
  path: Assets/Game Assets/Assets/Horse.fbx
  artifactKey: Guid(a06d1c247735081439d0e2a51bfb8dbd) Importer(815301076,1909f56bfc062723c751e8b465ee728b)
Start importing Assets/Game Assets/Assets/Horse.fbx using Guid(a06d1c247735081439d0e2a51bfb8dbd) Importer(815301076,1909f56bfc062723c751e8b465ee728b)  -> (artifact id: '4870023e6224bade2563d0c836b13213') in 0.184183 seconds 
========================================================================
Received Import Request.
  Time since last request: 0.000293 seconds.
  path: Packages/com.unity.render-pipelines.core/Runtime/Debugging/Prefabs/Resources/DebugUI Canvas.prefab
  artifactKey: Guid(cf6cbdd672089a84796e55a21fed1cbe) Importer(815301076,1909f56bfc062723c751e8b465ee728b)
Start importing Packages/com.unity.render-pipelines.core/Runtime/Debugging/Prefabs/Resources/DebugUI Canvas.prefab using Guid(cf6cbdd672089a84796e55a21fed1cbe) Importer(815301076,1909f56bfc062723c751e8b465ee728b)  -> (artifact id: '8eb690f4b0e2361aa7d2b92fcc7d8eee') in 0.041036 seconds 
========================================================================
Received Import Request.
  Time since last request: 0.000312 seconds.
  path: Assets/Imports/Assets/Horse.fbx
  artifactKey: Guid(0aa2d77d21bcc694abec26a6fe430fd3) Importer(815301076,1909f56bfc062723c751e8b465ee728b)
Start importing Assets/Imports/Assets/Horse.fbx using Guid(0aa2d77d21bcc694abec26a6fe430fd3) Importer(815301076,1909f56bfc062723c751e8b465ee728b)  -> (artifact id: '971159fe51c0e5512d735a3a829fa27b') in 0.134222 seconds 
========================================================================
Received Prepare
Registering precompiled user dll's ...
Registered in 0.004775 seconds.
Begin MonoManager ReloadAssembly
Native extension for WindowsStandalone target not found
Refreshing native plugins compatible for Editor in 0.59 ms, found 5 plugins.
Preloading 0 native plugins for Editor in 0.00 ms.
Mono: successfully reloaded assembly
- Completed reload, in  0.983 seconds
Domain Reload Profiling:
	ReloadAssembly (984ms)
		BeginReloadAssembly (124ms)
			ExecutionOrderSort (0ms)
			DisableScriptedObjects (6ms)
			BackupInstance (0ms)
			ReleaseScriptingObjects (0ms)
			CreateAndSetChildDomain (36ms)
		EndReloadAssembly (803ms)
			LoadAssemblies (86ms)
			RebuildTransferFunctionScriptingTraits (0ms)
			SetupTypeCache (285ms)
			ReleaseScriptCaches (1ms)
			RebuildScriptCaches (40ms)
			SetupLoadedEditorAssemblies (272ms)
				LogAssemblyErrors (0ms)
				InitializePlatformSupportModulesInManaged (3ms)
				SetLoadedEditorAssemblies (1ms)
				RefreshPlugins (1ms)
				BeforeProcessingInitializeOnLoad (78ms)
				ProcessInitializeOnLoadAttributes (172ms)
				ProcessInitializeOnLoadMethodAttributes (12ms)
				AfterProcessingInitializeOnLoad (5ms)
				EditorAssembliesLoaded (0ms)
			ExecutionOrderSort2 (0ms)
			AwakeInstancesAfterBackupRestoration (10ms)
Platform modules already initialized, skipping
Refreshing native plugins compatible for Editor in 0.58 ms, found 5 plugins.
Preloading 0 native plugins for Editor in 0.00 ms.
Unloading 2906 Unused Serialized files (Serialized files now loaded: 0)
System memory in use before: 146.3 MB.
System memory in use after: 146.3 MB.

Unloading 28 unused Assets to reduce memory usage. Loaded Objects now: 3541.
Total: 3.359900 ms (FindLiveObjects: 0.243200 ms CreateObjectMapping: 0.128600 ms MarkObjects: 2.846400 ms  DeleteObjects: 0.140200 ms)

AssetImportParameters requested are different than current active one (requested -> active):
  custom:framework-win-MediaFoundation: 216162199b28c13a410421893ffa2e32 -> 
  custom:video-decoder-ogg-theora: a1e56fd34408186e4bbccfd4996cb3dc -> 
  custom:container-muxer-webm: aa71ff27fc2769a1b78a27578f13a17b -> 
  custom:container-demuxer-webm: 4f35f7cbe854078d1ac9338744f61a02 -> 
  custom:container-demuxer-ogg: 62fdf1f143b41e24485cea50d1cbac27 -> 
  custom:video-encoder-webm-vp8: eb34c28f22e8b96e1ab97ce403110664 -> 
  custom:video-decoder-webm-vp8: 9c59270c3fd7afecdb556c50c9e8de78 -> 
  custom:audio-decoder-ogg-vorbis: bf7c407c2cedff20999df2af8eb42d56 -> 
  custom:audio-encoder-webm-vorbis: bf7c407c2cedff20999df2af8eb42d56 -> 
========================================================================
Received Prepare
Registering precompiled user dll's ...
Registered in 0.005067 seconds.
Begin MonoManager ReloadAssembly
Native extension for WindowsStandalone target not found
Refreshing native plugins compatible for Editor in 0.57 ms, found 5 plugins.
Preloading 0 native plugins for Editor in 0.00 ms.
Mono: successfully reloaded assembly
- Completed reload, in  1.037 seconds
Domain Reload Profiling:
	ReloadAssembly (1038ms)
		BeginReloadAssembly (115ms)
			ExecutionOrderSort (0ms)
			DisableScriptedObjects (5ms)
			BackupInstance (0ms)
			ReleaseScriptingObjects (0ms)
			CreateAndSetChildDomain (35ms)
		EndReloadAssembly (865ms)
			LoadAssemblies (97ms)
			RebuildTransferFunctionScriptingTraits (0ms)
			SetupTypeCache (318ms)
			ReleaseScriptCaches (1ms)
			RebuildScriptCaches (45ms)
			SetupLoadedEditorAssemblies (284ms)
				LogAssemblyErrors (0ms)
				InitializePlatformSupportModulesInManaged (3ms)
				SetLoadedEditorAssemblies (0ms)
				RefreshPlugins (1ms)
				BeforeProcessingInitializeOnLoad (81ms)
				ProcessInitializeOnLoadAttributes (180ms)
				ProcessInitializeOnLoadMethodAttributes (13ms)
				AfterProcessingInitializeOnLoad (5ms)
				EditorAssembliesLoaded (0ms)
			ExecutionOrderSort2 (0ms)
			AwakeInstancesAfterBackupRestoration (10ms)
Platform modules already initialized, skipping
Refreshing native plugins compatible for Editor in 0.58 ms, found 5 plugins.
Preloading 0 native plugins for Editor in 0.00 ms.
Unloading 2906 Unused Serialized files (Serialized files now loaded: 0)
System memory in use before: 146.3 MB.
System memory in use after: 146.3 MB.

Unloading 27 unused Assets to reduce memory usage. Loaded Objects now: 3544.
Total: 3.548000 ms (FindLiveObjects: 0.223300 ms CreateObjectMapping: 0.137700 ms MarkObjects: 3.050600 ms  DeleteObjects: 0.135600 ms)

AssetImportParameters requested are different than current active one (requested -> active):
  custom:framework-win-MediaFoundation: 216162199b28c13a410421893ffa2e32 -> 
  custom:video-decoder-ogg-theora: a1e56fd34408186e4bbccfd4996cb3dc -> 
  custom:container-muxer-webm: aa71ff27fc2769a1b78a27578f13a17b -> 
  custom:container-demuxer-webm: 4f35f7cbe854078d1ac9338744f61a02 -> 
  custom:container-demuxer-ogg: 62fdf1f143b41e24485cea50d1cbac27 -> 
  custom:video-encoder-webm-vp8: eb34c28f22e8b96e1ab97ce403110664 -> 
  custom:video-decoder-webm-vp8: 9c59270c3fd7afecdb556c50c9e8de78 -> 
  custom:audio-decoder-ogg-vorbis: bf7c407c2cedff20999df2af8eb42d56 -> 
  custom:audio-encoder-webm-vorbis: bf7c407c2cedff20999df2af8eb42d56 -> 
AssetImportWorkerClient::OnTransportError - code=2 error=End of file
